==============================================================================
Phase 2a: Read ALC1220 Coefficient Registers (Non-Destructive)
==============================================================================
Date:       2026-03-10
Operator:   Zack
Machine:    Gigabyte X870E AORUS XTREME AI TOP
Codec:      Realtek ALC1220 (Vendor ID 0x10ec1220, Subsystem 0x1458a0d5)
PCI:        7a:00.6 AMD Ryzen HD Audio Controller [1022:15e3]
Card:       card3 (Generic_1) at /dev/snd/hwC3D0
Kernel:     6.18.13-arch1-1 (SMP PREEMPT_DYNAMIC, 2026-02-25)
PipeWire:   1.4.10
Model:      (default — gb_x570 fixup active via SSID match)

==============================================================================
1. COEFFICIENT REGISTER VALUES
==============================================================================

The gb_x570 fixup in patch_realtek.c writes these four coefficients.
Read back via hda-verb using SET_COEF_INDEX (0x500) + GET_PROC_COEF (0xc00)
on NID 0x20 (vendor-defined processing widget).

  COEF 0x07 = 0x3c0    (fixup writes 0x03c0)  MATCH
  COEF 0x1a = 0x1c1    (fixup writes 0x01c1)  MATCH
  COEF 0x1b = 0x202    (fixup writes 0x0202)  MATCH
  COEF 0x43 = 0x3005   (fixup writes 0x3005)  MATCH

All four coefficients match the gb_x570 fixup values exactly.
The fixup is active and has been applied to this boot session.

Commands used:
  sudo hda-verb /dev/snd/hwC3D0 0x20 0x500 <idx>   # SET_COEF_INDEX
  sudo hda-verb /dev/snd/hwC3D0 0x20 0xc00 0x0      # GET_PROC_COEF

NOTE: The plan's original script used verb 0xd00 (GET_COEF_INDEX) for the
data read, which returns the index register itself, not the coefficient
data. Corrected to 0xc00 (GET_PROC_COEF) for this probe.

==============================================================================
2. NODE 0x1b (REAR LINE-OUT) — CONNECTION LIST
==============================================================================

Hardware connections (from codec silicon):
  Connection: 5
     0x0c* 0x0d 0x0e 0x0f 0x26

In-driver override (gb_x570 fixup restricts to single connection):
  In-driver Connection: 1
     0x0c

Currently selected: 0x0c (mixer fed by DAC 0x02)

Pin config:
  Pin Default 0x01014010: [Jack] Line Out at Ext Rear
    Conn = 1/8, Color = Green
    DefAssociation = 0x1, Sequence = 0x0
  Pin-ctls: 0x40: OUT VREF_HIZ
  Pincap 0x0001373c: IN OUT HP EAPD Detect
  EAPD 0x2: EAPD

==============================================================================
3. NODE 0x14 (FRONT HEADPHONE) — CONNECTION LIST
==============================================================================

Hardware connections (hardwired, single option):
  Connection: 1
     0x0c

Pin config:
  Pin Default 0x0221401f: [Jack] HP Out at Ext Front
    Conn = 1/8, Color = Green
    DefAssociation = 0x1, Sequence = 0xf
  Pin-ctls: 0xc0: OUT HP
  Pincap 0x0001001c: OUT HP EAPD Detect
  EAPD 0x2: EAPD

==============================================================================
4. DAC / MIXER TOPOLOGY
==============================================================================

DAC 0x02 -> Mixer 0x0c -> Pin 0x14 (HP)     [active, stream assigned]
DAC 0x03 -> Mixer 0x0d -> (available for Pin 0x1b if connection unblocked)
DAC 0x04 -> Mixer 0x0e -> (unused)
DAC 0x05 -> Mixer 0x0f -> (unused)
DAC 0x25 -> Mixer 0x26 -> (unused, 5th connection option for 0x1b)

All DACs have identical capabilities:
  Amp-Out caps: ofs=0x57, nsteps=0x57, stepsize=0x02, mute=0
  PCM rates: 44100 48000 88200 96000 176400 192000
  PCM bits: 16 20 24 32

Currently only DAC 0x02 has a stream assigned (Converter: stream != 0).
DACs 0x03, 0x04, 0x05, 0x25 all show: Converter: stream=0, channel=0

==============================================================================
5. PCM PLAYBACK DEVICES
==============================================================================

Only one analog playback PCM exists:
  id: ALC1220 Analog
  name: ALC1220 Analog
  stream: PLAYBACK

Plus one digital:
  id: ALC1220 Digital
  name: ALC1220 Digital
  stream: PLAYBACK

No second analog PCM — both pin outputs share the single stream via DAC 0x02.

==============================================================================
6. PIPEWIRE SINK STATUS
==============================================================================

Single sink exposed:
  54  alsa_output.pci-0000_7a_00.6.analog-stereo  PipeWire  s32le 2ch 48000Hz

Server: PulseAudio (on PipeWire 1.4.10)
Default Sink: alsa_output.pci-0000_7a_00.6.analog-stereo

==============================================================================
7. PCI / HARDWARE IDENTIFICATION
==============================================================================

7a:00.6 Audio device [0403]: Advanced Micro Devices, Inc. [AMD]
        Ryzen HD Audio Controller [1022:15e3]
        DeviceName: Realtek ALC1220
        Subsystem: Gigabyte Technology Co., Ltd Device [1458:a0d5]
        Kernel driver in use: snd_hda_intel

ALSA cards:
  0 [NVidia         ]: HDA-Intel - HDA NVidia (0xda080000)
  1 [C925e          ]: USB-Audio - Logitech Webcam C925e
  2 [Generic        ]: HDA-Intel - HD-Audio Generic (0xdc188000)
  3 [Generic_1      ]: HDA-Intel - HD-Audio Generic (0xdc180000) <-- ALC1220

==============================================================================
8. FULL CODEC DUMP
==============================================================================

Codec: Realtek ALC1220
Address: 0
AFG Function Id: 0x1 (unsol 1)
Vendor Id: 0x10ec1220
Subsystem Id: 0x1458a0d5
Revision Id: 0x100101

--- Node 0x02 [Audio Output] DAC ---
  Amp-Out caps: ofs=0x57, nsteps=0x57, stepsize=0x02, mute=0
  Amp-Out vals:  [0x57 0x57]
  Converter: stream=0, channel=0

--- Node 0x03 [Audio Output] DAC ---
  Amp-Out caps: ofs=0x57, nsteps=0x57, stepsize=0x02, mute=0
  Amp-Out vals:  [0x57 0x57]
  Converter: stream=0, channel=0

--- Node 0x04 [Audio Output] DAC ---
  Amp-Out caps: ofs=0x57, nsteps=0x57, stepsize=0x02, mute=0
  Amp-Out vals:  [0x57 0x57]
  Converter: stream=0, channel=0

--- Node 0x05 [Audio Output] DAC ---
  Amp-Out caps: ofs=0x57, nsteps=0x57, stepsize=0x02, mute=0
  Amp-Out vals:  [0x57 0x57]
  Converter: stream=0, channel=0

--- Node 0x25 [Audio Output] DAC ---
  Amp-Out caps: ofs=0x57, nsteps=0x57, stepsize=0x02, mute=0
  Amp-Out vals:  [0x57 0x57]
  Converter: stream=0, channel=0

--- Mixer topology ---
  0x0c: Connection: 2 -> 0x02 0x0b
  0x0d: Connection: 2 -> 0x03 0x0b
  0x0e: Connection: 2 -> 0x04 0x0b
  0x0f: Connection: 2 -> 0x05 0x0b
  0x26: Connection: 2 -> 0x25 0x0b

--- Pin 0x14 (HP Front) ---
  Connection: 1 -> 0x0c
  Pin Default 0x0221401f: [Jack] HP Out at Ext Front

--- Pin 0x1b (LineOut Rear) ---
  Connection: 5 -> 0x0c* 0x0d 0x0e 0x0f 0x26
  In-driver Connection: 1 -> 0x0c
  Pin Default 0x01014010: [Jack] Line Out at Ext Rear

--- Pin 0x1e (SPDIF Out) ---
  Connection: 1 -> 0x06
  Pin Default 0x01452130: [Jack] SPDIF Out at Ext Rear

==============================================================================
9. ANALYSIS / NEXT STEPS
==============================================================================

Findings:
  - All four gb_x570 coef values are already applied (expected)
  - Node 0x1b has 5 hardware connections but fixup restricts to {0x0c}
  - Only 1 analog PCM exists; no second stream available
  - Four unused DACs (0x03, 0x04, 0x05, 0x25) available for routing
  - DAC 0x03 -> Mixer 0x0d is the natural target for 0x1b

Next: Phase 2b — Boot with model=generic to skip the fixup entirely.
This will let the generic parser see all 5 connections on 0x1b and
potentially auto-assign DAC 0x03 to it as an independent output.

Create /etc/modprobe.d/test-generic.conf:
  options snd-hda-codec-realtek model=generic

Then reboot and re-run probes to compare.
